<?xml version="1.0" encoding="UTF-8"?>
<!-- Generated by org.testng.reporters.JUnitReportReporter -->
<testsuite hostname="BHAGAVATH" failures="0" tests="1" name="Tests.LoginPage" time="7.994" errors="0" timestamp="2025-04-05T08:39:22 IST" skipped="0">
  <testcase classname="Tests.LoginPage" name="verifyUrl" time="7.994"/>
  <system-out/>
</testsuite> <!-- Tests.LoginPage -->
