<?xml version="1.0" encoding="UTF-8"?>
<!-- Generated by org.testng.reporters.JUnitReportReporter -->
<testsuite hostname="BHAGAVATH" failures="0" tests="1" name="Tests.ValidLogin" time="3.425" errors="0" timestamp="2025-04-05T00:55:48 IST" skipped="0">
  <testcase classname="Tests.ValidLogin" name="ValidDetails_1" time="3.425"/>
  <system-out/>
</testsuite> <!-- Tests.ValidLogin -->
