<?xml version="1.0" encoding="UTF-8"?>
<!-- Generated by org.testng.reporters.JUnitReportReporter -->
<testsuite hostname="BHAGAVATH" failures="0" tests="6" name="Tests.AddEmployee" time="52.596" errors="0" timestamp="2025-04-05T00:55:48 IST" skipped="0">
  <testcase classname="Tests.AddEmployee" name="addEmpNavigation" time="5.410"/>
  <system-out/>
  <testcase classname="Tests.AddEmployee" name="fillEmpDetails" time="9.451"/>
  <system-out/>
  <testcase classname="Tests.AddEmployee" name="fillEmpDetails" time="9.702"/>
  <system-out/>
  <testcase classname="Tests.AddEmployee" name="fillEmpDetails" time="9.333"/>
  <system-out/>
  <testcase classname="Tests.AddEmployee" name="fillEmpDetails" time="9.379"/>
  <system-out/>
  <testcase classname="Tests.AddEmployee" name="fillEmpDetails" time="9.321"/>
  <system-out/>
</testsuite> <!-- Tests.AddEmployee -->
