<?xml version="1.0" encoding="UTF-8"?>
<!-- Generated by org.testng.reporters.JUnitReportReporter -->
<testsuite hostname="BHAGAVATH" failures="0" tests="4" name="Tests.InvalidLogin" time="17.780" errors="0" timestamp="2025-04-04T16:31:50 IST" skipped="0">
  <testcase classname="Tests.InvalidLogin" name="InvalidLoginData" time="4.407"/>
  <system-out/>
  <testcase classname="Tests.InvalidLogin" name="InvalidLoginData" time="4.455"/>
  <system-out/>
  <testcase classname="Tests.InvalidLogin" name="InvalidLoginData" time="4.424"/>
  <system-out/>
  <testcase classname="Tests.InvalidLogin" name="InvalidLoginData" time="4.494"/>
  <system-out/>
</testsuite> <!-- Tests.InvalidLogin -->
