<?xml version="1.0" encoding="UTF-8"?>
<!-- Generated by org.testng.reporters.JUnitReportReporter -->
<testsuite hostname="BHAGAVATH" failures="0" tests="4" name="Tests.InvalidLogin" time="25.944" errors="0" timestamp="2025-04-05T08:35:12 IST" skipped="0">
  <testcase classname="Tests.InvalidLogin" name="InvalidLoginData" time="6.633"/>
  <system-out/>
  <testcase classname="Tests.InvalidLogin" name="InvalidLoginData" time="6.384"/>
  <system-out/>
  <testcase classname="Tests.InvalidLogin" name="InvalidLoginData" time="6.462"/>
  <system-out/>
  <testcase classname="Tests.InvalidLogin" name="InvalidLoginData" time="6.465"/>
  <system-out/>
</testsuite> <!-- Tests.InvalidLogin -->
