<?xml version="1.0" encoding="UTF-8"?>
<!-- Generated by org.testng.reporters.JUnitReportReporter -->
<testsuite hostname="BHAGAVATH" failures="0" tests="1" name="Tests.ValidLogin" time="2.489" errors="0" timestamp="2025-04-05T08:39:22 IST" skipped="0">
  <testcase classname="Tests.ValidLogin" name="ValidDetails_1" time="2.489"/>
  <system-out/>
</testsuite> <!-- Tests.ValidLogin -->
