<?xml version="1.0" encoding="UTF-8"?>
<!-- Generated by org.testng.reporters.JUnitReportReporter -->
<testsuite hostname="BHAGAVATH" failures="0" tests="1" name="Tests.SearchEmployee" time="61.651" errors="0" timestamp="2025-04-05T00:55:48 IST" skipped="0">
  <testcase classname="Tests.SearchEmployee" name="verifyEmployee" time="61.651"/>
  <system-out/>
</testsuite> <!-- Tests.SearchEmployee -->
