<?xml version="1.0" encoding="UTF-8"?>
<!-- Generated by org.testng.reporters.JUnitReportReporter -->
<testsuite hostname="BHAGAVATH" failures="0" tests="6" name="Tests.AddEmployee" time="53.391" errors="0" timestamp="2025-04-05T08:39:22 IST" skipped="0">
  <testcase classname="Tests.AddEmployee" name="addEmpNavigation" time="6.031"/>
  <system-out/>
  <testcase classname="Tests.AddEmployee" name="fillEmpDetails" time="9.389"/>
  <system-out/>
  <testcase classname="Tests.AddEmployee" name="fillEmpDetails" time="9.799"/>
  <system-out/>
  <testcase classname="Tests.AddEmployee" name="fillEmpDetails" time="9.471"/>
  <system-out/>
  <testcase classname="Tests.AddEmployee" name="fillEmpDetails" time="9.303"/>
  <system-out/>
  <testcase classname="Tests.AddEmployee" name="fillEmpDetails" time="9.398"/>
  <system-out/>
</testsuite> <!-- Tests.AddEmployee -->
